<?xml version="1.0" encoding="UTF-8"?>
<!-- Generated by org.testng.reporters.JUnitReportReporter -->
<testsuite hostname="DESKTOP-NBMPK5C" failures="0" tests="1" name="BHigh.Datadrivenframework" time="7.554" errors="0" timestamp="2022-04-28T07:39:18 PDT" skipped="0">
  <testcase classname="BHigh.Datadrivenframework" name="havingfun" time="7.554"/>
  <system-out/>
</testsuite> <!-- BHigh.Datadrivenframework -->
