<?xml version="1.0" encoding="UTF-8"?>
<!-- Generated by org.testng.reporters.JUnitReportReporter -->
<testsuite hostname="DESKTOP-NBMPK5C" failures="0" tests="1" name="BHigh.Frame" time="0.513" errors="0" timestamp="2022-04-28T07:39:18 PDT" skipped="0">
  <testcase classname="BHigh.Frame" name="havingfun" time="0.513"/>
  <system-out/>
</testsuite> <!-- BHigh.Frame -->
