<?xml version="1.0" encoding="UTF-8"?>
<!-- Generated by org.testng.reporters.JUnitReportReporter -->
<testsuite hostname="DESKTOP-NBMPK5C" failures="0" tests="1" name="BHigh.Inputoutput" time="51.172" errors="0" timestamp="2022-04-30T12:20:33 PDT" skipped="0">
  <testcase classname="BHigh.Inputoutput" name="havinfun" time="51.172"/>
  <system-out/>
</testsuite> <!-- BHigh.Inputoutput -->
