<?xml version="1.0" encoding="UTF-8"?>
<!-- Generated by org.testng.reporters.JUnitReportReporter -->
<testsuite hostname="DESKTOP-NBMPK5C" failures="0" tests="1" name="BHigh.XLSX" time="17.927" errors="0" timestamp="2022-04-27T23:00:27 PDT" skipped="0">
  <testcase classname="BHigh.XLSX" name="havingfun" time="17.927"/>
  <system-out/>
</testsuite> <!-- BHigh.XLSX -->
